# JRE version: Java(TM) SE Runtime Environment 18.9 (11.0.7+8) (build 11.0.7+8-LTS)
# Java VM: Java HotSpot(TM) 64-Bit Server VM 18.9 (11.0.7+8-LTS, mixed mode, tiered, compressed oops, g1 gc, windows-amd64)
Heap:
 garbage-first heap   total 131072K, used 102620K [0x0000000080000000, 0x0000000100000000)
  region size 1024K, 23 young (23552K), 4 survivors (4096K)
 Metaspace       used 81545K, capacity 83580K, committed 83712K, reserved 1122304K
  class space    used 10507K, capacity 11146K, committed 11264K, reserved 1048576K
GC Heap History (10 events):
Event: 14.347 GC heap before
{Heap before GC invocations=20 (full 0):
 garbage-first heap   total 131072K, used 108100K [0x0000000080000000, 0x0000000100000000)
  region size 1024K, 36 young (36864K), 5 survivors (5120K)
 Metaspace       used 71633K, capacity 73481K, committed 73600K, reserved 1114112K
  class space    used 9181K, capacity 9795K, committed 9856K, reserved 1048576K
}
Event: 14.358 GC heap after
{Heap after GC invocations=21 (full 0):
 garbage-first heap   total 131072K, used 78451K [0x0000000080000000, 0x0000000100000000)
  region size 1024K, 3 young (3072K), 3 survivors (3072K)
 Metaspace       used 71633K, capacity 73481K, committed 73600K, reserved 1114112K
  class space    used 9181K, capacity 9795K, committed 9856K, reserved 1048576K
}
Event: 14.890 GC heap before
{Heap before GC invocations=21 (full 0):
 garbage-first heap   total 131072K, used 108147K [0x0000000080000000, 0x0000000100000000)
  region size 1024K, 32 young (32768K), 3 survivors (3072K)
 Metaspace       used 73993K, capacity 75935K, committed 76288K, reserved 1116160K
  class space    used 9517K, capacity 10141K, committed 10240K, reserved 1048576K
}
Event: 14.897 GC heap after
{Heap after GC invocations=22 (full 0):
 garbage-first heap   total 131072K, used 79698K [0x0000000080000000, 0x0000000100000000)
  region size 1024K, 4 young (4096K), 4 survivors (4096K)
 Metaspace       used 73993K, capacity 75935K, committed 76288K, reserved 1116160K
  class space    used 9517K, capacity 10141K, committed 10240K, reserved 1048576K
}
Event: 15.537 GC heap before
{Heap before GC invocations=23 (full 0):
 garbage-first heap   total 131072K, used 109394K [0x0000000080000000, 0x0000000100000000)
  region size 1024K, 33 young (33792K), 4 survivors (4096K)
 Metaspace       used 76848K, capacity 78818K, committed 79104K, reserved 1118208K
  class space    used 9817K, capacity 10414K, committed 10496K, reserved 1048576K
}
Event: 15.544 GC heap after
{Heap after GC invocations=24 (full 0):
 garbage-first heap   total 131072K, used 81578K [0x0000000080000000, 0x0000000100000000)
  region size 1024K, 4 young (4096K), 4 survivors (4096K)
 Metaspace       used 76848K, capacity 78818K, committed 79104K, reserved 1118208K
  class space    used 9817K, capacity 10414K, committed 10496K, reserved 1048576K
}
Event: 15.966 GC heap before
{Heap before GC invocations=24 (full 0):
 garbage-first heap   total 131072K, used 110250K [0x0000000080000000, 0x0000000100000000)
  region size 1024K, 32 young (32768K), 4 survivors (4096K)
 Metaspace       used 78724K, capacity 80606K, committed 80896K, reserved 1120256K
  class space    used 10071K, capacity 10658K, committed 10752K, reserved 1048576K
}
Event: 15.977 GC heap after
{Heap after GC invocations=25 (full 0):
 garbage-first heap   total 131072K, used 83421K [0x0000000080000000, 0x0000000100000000)
  region size 1024K, 4 young (4096K), 4 survivors (4096K)
 Metaspace       used 78724K, capacity 80606K, committed 80896K, reserved 1120256K
  class space    used 10071K, capacity 10658K, committed 10752K, reserved 1048576K
}
Event: 16.462 GC heap before
{Heap before GC invocations=26 (full 0):
 garbage-first heap   total 131072K, used 111069K [0x0000000080000000, 0x0000000100000000)
  region size 1024K, 31 young (31744K), 4 survivors (4096K)
 Metaspace       used 80266K, capacity 82247K, committed 82432K, reserved 1120256K
  class space    used 10327K, capacity 10961K, committed 11008K, reserved 1048576K
}
Event: 16.471 GC heap after
{Heap after GC invocations=27 (full 0):
 garbage-first heap   total 131072K, used 85212K [0x0000000080000000, 0x0000000100000000)
  region size 1024K, 4 young (4096K), 4 survivors (4096K)
 Metaspace       used 80266K, capacity 82247K, committed 82432K, reserved 1120256K
  class space    used 10327K, capacity 10961K, committed 11008K, reserved 1048576K
}

